# JRE version: Java(TM) SE Runtime Environment (8.0_45-b14) (build 1.8.0_45-b14)
# Java VM: Java HotSpot(TM) 64-Bit Server VM (25.45-b02 mixed mode windows-amd64 compressed oops)
Heap:
 PSYoungGen      total 118272K, used 19709K [0x00000000eab00000, 0x00000000f8a00000, 0x0000000100000000)
  eden space 107520K, 18% used [0x00000000eab00000,0x00000000ebe54300,0x00000000f1400000)
  from space 10752K, 17% used [0x00000000f1400000,0x00000000f15da100,0x00000000f1e80000)
  to   space 14336K, 0% used [0x00000000f7c00000,0x00000000f7c00000,0x00000000f8a00000)
 ParOldGen       total 122880K, used 11808K [0x00000000c0000000, 0x00000000c7800000, 0x00000000eab00000)
  object space 122880K, 9% used [0x00000000c0000000,0x00000000c0b880d8,0x00000000c7800000)
 Metaspace       used 22214K, capacity 22742K, committed 22912K, reserved 1069056K
  class space    used 2934K, capacity 3110K, committed 3200K, reserved 1048576K
GC Heap History (10 events):
Event: 13.736 GC heap before
{Heap before GC invocations=2 (full 0):
 PSYoungGen      total 75264K, used 68931K [0x00000000eab00000, 0x00000000eff00000, 0x0000000100000000)
  eden space 64512K, 94% used [0x00000000eab00000,0x00000000ee6c48b8,0x00000000eea00000)
  from space 10752K, 71% used [0x00000000eea00000,0x00000000ef18c4d8,0x00000000ef480000)
  to   space 10752K, 0% used [0x00000000ef480000,0x00000000ef480000,0x00000000eff00000)
 ParOldGen       total 172032K, used 16K [0x00000000c0000000, 0x00000000ca800000, 0x00000000eab00000)
  object space 172032K, 0% used [0x00000000c0000000,0x00000000c0004000,0x00000000ca800000)
 Metaspace       used 20595K, capacity 21136K, committed 21296K, reserved 1067008K
  class space    used 2759K, capacity 2917K, committed 2944K, reserved 1048576K
Event: 13.778 GC heap after
Heap after GC invocations=2 (full 0):
 PSYoungGen      total 75264K, used 10732K [0x00000000eab00000, 0x00000000eff00000, 0x0000000100000000)
  eden space 64512K, 0% used [0x00000000eab00000,0x00000000eab00000,0x00000000eea00000)
  from space 10752K, 99% used [0x00000000ef480000,0x00000000efefb358,0x00000000eff00000)
  to   space 10752K, 0% used [0x00000000eea00000,0x00000000eea00000,0x00000000ef480000)
 ParOldGen       total 172032K, used 1487K [0x00000000c0000000, 0x00000000ca800000, 0x00000000eab00000)
  object space 172032K, 0% used [0x00000000c0000000,0x00000000c0173c00,0x00000000ca800000)
 Metaspace       used 20595K, capacity 21136K, committed 21296K, reserved 1067008K
  class space    used 2759K, capacity 2917K, committed 2944K, reserved 1048576K
}
Event: 13.778 GC heap before
{Heap before GC invocations=3 (full 1):
 PSYoungGen      total 75264K, used 10732K [0x00000000eab00000, 0x00000000eff00000, 0x0000000100000000)
  eden space 64512K, 0% used [0x00000000eab00000,0x00000000eab00000,0x00000000eea00000)
  from space 10752K, 99% used [0x00000000ef480000,0x00000000efefb358,0x00000000eff00000)
  to   space 10752K, 0% used [0x00000000eea00000,0x00000000eea00000,0x00000000ef480000)
 ParOldGen       total 172032K, used 1487K [0x00000000c0000000, 0x00000000ca800000, 0x00000000eab00000)
  object space 172032K, 0% used [0x00000000c0000000,0x00000000c0173c00,0x00000000ca800000)
 Metaspace       used 20595K, capacity 21136K, committed 21296K, reserved 1067008K
  class space    used 2759K, capacity 2917K, committed 2944K, reserved 1048576K
Event: 13.917 GC heap after
Heap after GC invocations=3 (full 1):
 PSYoungGen      total 75264K, used 0K [0x00000000eab00000, 0x00000000eff00000, 0x0000000100000000)
  eden space 64512K, 0% used [0x00000000eab00000,0x00000000eab00000,0x00000000eea00000)
  from space 10752K, 0% used [0x00000000ef480000,0x00000000ef480000,0x00000000eff00000)
  to   space 10752K, 0% used [0x00000000eea00000,0x00000000eea00000,0x00000000ef480000)
 ParOldGen       total 122880K, used 11808K [0x00000000c0000000, 0x00000000c7800000, 0x00000000eab00000)
  object space 122880K, 9% used [0x00000000c0000000,0x00000000c0b880d8,0x00000000c7800000)
 Metaspace       used 20595K, capacity 21136K, committed 21296K, reserved 1067008K
  class space    used 2759K, capacity 2917K, committed 2944K, reserved 1048576K
}
Event: 14.622 GC heap before
{Heap before GC invocations=4 (full 1):
 PSYoungGen      total 75264K, used 64512K [0x00000000eab00000, 0x00000000eff00000, 0x0000000100000000)
  eden space 64512K, 100% used [0x00000000eab00000,0x00000000eea00000,0x00000000eea00000)
  from space 10752K, 0% used [0x00000000ef480000,0x00000000ef480000,0x00000000eff00000)
  to   space 10752K, 0% used [0x00000000eea00000,0x00000000eea00000,0x00000000ef480000)
 ParOldGen       total 122880K, used 11808K [0x00000000c0000000, 0x00000000c7800000, 0x00000000eab00000)
  object space 122880K, 9% used [0x00000000c0000000,0x00000000c0b880d8,0x00000000c7800000)
 Metaspace       used 22181K, capacity 22678K, committed 22912K, reserved 1069056K
  class space    used 2932K, capacity 3110K, committed 3200K, reserved 1048576K
Event: 14.667 GC heap after
Heap after GC invocations=4 (full 1):
 PSYoungGen      total 75264K, used 1989K [0x00000000eab00000, 0x00000000f2900000, 0x0000000100000000)
  eden space 64512K, 0% used [0x00000000eab00000,0x00000000eab00000,0x00000000eea00000)
  from space 10752K, 18% used [0x00000000eea00000,0x00000000eebf1510,0x00000000ef480000)
  to   space 10752K, 0% used [0x00000000f1e80000,0x00000000f1e80000,0x00000000f2900000)
 ParOldGen       total 122880K, used 11808K [0x00000000c0000000, 0x00000000c7800000, 0x00000000eab00000)
  object space 122880K, 9% used [0x00000000c0000000,0x00000000c0b880d8,0x00000000c7800000)
 Metaspace       used 22181K, capacity 22678K, committed 22912K, reserved 1069056K
  class space    used 2932K, capacity 3110K, committed 3200K, reserved 1048576K
}
Event: 14.974 GC heap before
{Heap before GC invocations=5 (full 1):
 PSYoungGen      total 75264K, used 66501K [0x00000000eab00000, 0x00000000f2900000, 0x0000000100000000)
  eden space 64512K, 100% used [0x00000000eab00000,0x00000000eea00000,0x00000000eea00000)
  from space 10752K, 18% used [0x00000000eea00000,0x00000000eebf1510,0x00000000ef480000)
  to   space 10752K, 0% used [0x00000000f1e80000,0x00000000f1e80000,0x00000000f2900000)
 ParOldGen       total 122880K, used 11808K [0x00000000c0000000, 0x00000000c7800000, 0x00000000eab00000)
  object space 122880K, 9% used [0x00000000c0000000,0x00000000c0b880d8,0x00000000c7800000)
 Metaspace       used 22181K, capacity 22678K, committed 22912K, reserved 1069056K
  class space    used 2932K, capacity 3110K, committed 3200K, reserved 1048576K
Event: 15.061 GC heap after
Heap after GC invocations=5 (full 1):
 PSYoungGen      total 118272K, used 1368K [0x00000000eab00000, 0x00000000f3680000, 0x0000000100000000)
  eden space 107520K, 0% used [0x00000000eab00000,0x00000000eab00000,0x00000000f1400000)
  from space 10752K, 12% used [0x00000000f1e80000,0x00000000f1fd6110,0x00000000f2900000)
  to   space 10752K, 0% used [0x00000000f1400000,0x00000000f1400000,0x00000000f1e80000)
 ParOldGen       total 122880K, used 11808K [0x00000000c0000000, 0x00000000c7800000, 0x00000000eab00000)
  object space 122880K, 9% used [0x00000000c0000000,0x00000000c0b880d8,0x00000000c7800000)
 Metaspace       used 22181K, capacity 22678K, committed 22912K, reserved 1069056K
  class space    used 2932K, capacity 3110K, committed 3200K, reserved 1048576K
}
Event: 15.428 GC heap before
{Heap before GC invocations=6 (full 1):
 PSYoungGen      total 118272K, used 108888K [0x00000000eab00000, 0x00000000f3680000, 0x0000000100000000)
  eden space 107520K, 100% used [0x00000000eab00000,0x00000000f1400000,0x00000000f1400000)
  from space 10752K, 12% used [0x00000000f1e80000,0x00000000f1fd6110,0x00000000f2900000)
  to   space 10752K, 0% used [0x00000000f1400000,0x00000000f1400000,0x00000000f1e80000)
 ParOldGen       total 122880K, used 11808K [0x00000000c0000000, 0x00000000c7800000, 0x00000000eab00000)
  object space 122880K, 9% used [0x00000000c0000000,0x00000000c0b880d8,0x00000000c7800000)
 Metaspace       used 22209K, capacity 22742K, committed 22912K, reserved 1069056K
  class space    used 2933K, capacity 3110K, committed 3200K, reserved 1048576K
Event: 15.438 GC heap after
Heap after GC invocations=6 (full 1):
 PSYoungGen      total 118272K, used 1896K [0x00000000eab00000, 0x00000000f8a00000, 0x0000000100000000)
  eden space 107520K, 0% used [0x00000000eab00000,0x00000000eab00000,0x00000000f1400000)
  from space 10752K, 17% used [0x00000000f1400000,0x00000000f15da100,0x00000000f1e80000)
  to   space 14336K, 0% used [0x00000000f7c00000,0x00000000f7c00000,0x00000000f8a00000)
 ParOldGen       total 122880K, used 11808K [0x00000000c0000000, 0x00000000c7800000, 0x00000000eab00000)
  object space 122880K, 9% used [0x00000000c0000000,0x00000000c0b880d8,0x00000000c7800000)
 Metaspace       used 22209K, capacity 22742K, committed 22912K, reserved 1069056K
  class space    used 2933K, capacity 3110K, committed 3200K, reserved 1048576K
}

